

Version:	3.50
CmdLine:	D:\A_STUDY_STUFF\apps\QRcodeGenerate\app\QRhelper.exe --l4j-debug
JNI:		No
WOW64:		Yes
Working dir:	D:\A_STUDY_STUFF\apps\QRcodeGenerate\app\.
Requires JDK:	No
Requires 64-Bit: No
Java min ver:	1.008.000
Java max ver:	
JRE paths:	C:\Users\watergun\.jdks\corretto-17.0.10\bin
Check launcher:	C:\Users\watergun\.jdks\corretto-17.0.10\bin\javaw.exe (OK)
Version string: 1.017.000_010 / 64-Bit (OK)
Launcher:	C:\Users\watergun\.jdks\corretto-17.0.10\bin\javaw.exe
Launcher args:	-jar "D:\A_STUDY_STUFF\apps\QRcodeGenerate\app\QRhelper.exe"
Args length:	60/32768 chars
Exit code:	0


Version:	3.50
CmdLine:	D:\A_STUDY_STUFF\apps\QRcodeGenerate\app\QRhelper.exe --l4j-debug
JNI:		No
WOW64:		Yes
Working dir:	D:\A_STUDY_STUFF\apps\QRcodeGenerate\app\.
Requires JDK:	No
Requires 64-Bit: No
Java min ver:	1.008.000
Java max ver:	
JRE paths:	C:\Users\watergun\.jdks\corretto-17.0.10\bin
Check launcher:	C:\Users\watergun\.jdks\corretto-17.0.10\bin\javaw.exe (OK)
Version string: 1.017.000_010 / 64-Bit (OK)
Launcher:	C:\Users\watergun\.jdks\corretto-17.0.10\bin\javaw.exe
Launcher args:	-jar "D:\A_STUDY_STUFF\apps\QRcodeGenerate\app\QRhelper.exe"
Args length:	60/32768 chars
Exit code:	0


Version:	3.50
CmdLine:	D:\A_STUDY_STUFF\apps\QRcodeGenerate\app\QRhelper1.exe --l4j-debug
JNI:		No
WOW64:		Yes
Working dir:	D:\A_STUDY_STUFF\apps\QRcodeGenerate\app\.
Requires JDK:	No
Requires 64-Bit: No
Java min ver:	1.008.000
Java max ver:	
JRE paths:	C:\Users\watergun\.jdks\corretto-17.0.10\bin
Check launcher:	C:\Users\watergun\.jdks\corretto-17.0.10\bin\javaw.exe (OK)
Version string: 1.017.000_010 / 64-Bit (OK)
Launcher:	C:\Users\watergun\.jdks\corretto-17.0.10\bin\javaw.exe
Launcher args:	-jar "D:\A_STUDY_STUFF\apps\QRcodeGenerate\app\QRhelper1.exe" -Dfile.encoding=UTF-8
Args length:	83/32768 chars
Exit code:	0


Version:	3.50
CmdLine:	D:\A_STUDY_STUFF\apps\QRcodeGenerate\app\QRhelperV1.exe --l4j-debug
JNI:		No
WOW64:		Yes
Working dir:	D:\A_STUDY_STUFF\apps\QRcodeGenerate\app\.
Requires JDK:	No
Requires 64-Bit: No
Java min ver:	1.008.000
Java max ver:	
JRE paths:	C:\Users\watergun\.jdks\corretto-17.0.10\bin
Check launcher:	C:\Users\watergun\.jdks\corretto-17.0.10\bin\javaw.exe (OK)
Version string: 1.017.000_010 / 64-Bit (OK)
Launcher:	C:\Users\watergun\.jdks\corretto-17.0.10\bin\javaw.exe
Launcher args:	-jar "D:\A_STUDY_STUFF\apps\QRcodeGenerate\app\QRhelperV1.exe" -Dfile.encoding=UTF-8
Args length:	84/32768 chars
Exit code:	0


Version:	3.50
CmdLine:	D:\A_STUDY_STUFF\apps\QRcodeGenerate\app\QRhelperV2.exe --l4j-debug
JNI:		No
WOW64:		Yes
Working dir:	D:\A_STUDY_STUFF\apps\QRcodeGenerate\app\.
Requires JDK:	No
Requires 64-Bit: No
Java min ver:	1.008.000
Java max ver:	
JRE paths:	C:\Users\watergun\.jdks\corretto-17.0.10\bin
Check launcher:	C:\Users\watergun\.jdks\corretto-17.0.10\bin\javaw.exe (OK)
Version string: 1.017.000_010 / 64-Bit (OK)
Launcher:	C:\Users\watergun\.jdks\corretto-17.0.10\bin\javaw.exe
Launcher args:	-jar "D:\A_STUDY_STUFF\apps\QRcodeGenerate\app\QRhelperV2.exe"
Args length:	62/32768 chars
Exit code:	0
